<?xml version="1.0" encoding="UTF-8"?>
<!-- Generated by org.testng.reporters.JUnitReportReporter -->
<testsuite hostname="YashRav" failures="0" tests="2" name="com.flipkart.qa.testcases.LoginTest" time="17.179" errors="0" timestamp="2023-03-30T17:15:47 IST" skipped="0">
  <testcase classname="com.flipkart.qa.testcases.LoginTest" name="verfiyLoginWithValidCredentials" time="9.051"/>
  <system-out/>
  <testcase classname="com.flipkart.qa.testcases.LoginTest" name="verfiyLoginWithValidCredentials" time="8.128"/>
  <system-out/>
</testsuite> <!-- com.flipkart.qa.testcases.LoginTest -->
