<?xml version="1.0" encoding="UTF-8"?>
<!-- Generated by org.testng.reporters.JUnitReportReporter -->
<testsuite hostname="YashRav" failures="0" tests="1" name="com.flipkart.qa.testcases.RegisterTest" time="0.000" errors="0" timestamp="2023-03-30T17:15:47 IST" skipped="0">
  <testcase classname="com.flipkart.qa.testcases.RegisterTest" name="registerNewUser" time="0.000"/>
  <system-out/>
</testsuite> <!-- com.flipkart.qa.testcases.RegisterTest -->
